<?xml version="1.0" encoding="UTF-8"?>
<!-- Generated by org.testng.reporters.JUnitReportReporter -->
<testsuite hostname="DESKTOP-VMGGKO0" failures="0" tests="4" name="OrangePOM.testloginproba1" time="9.667" errors="0" timestamp="2025-03-03T19:01:22 CET" skipped="0">
  <testcase classname="OrangePOM.testloginproba1" name="empty" time="2.238"/>
  <system-out/>
  <testcase classname="OrangePOM.testloginproba1" name="wrong" time="2.695"/>
  <system-out/>
  <testcase classname="OrangePOM.testloginproba1" name="emptyUsername" time="1.851"/>
  <system-out/>
  <testcase classname="OrangePOM.testloginproba1" name="correct" time="2.883"/>
  <system-out/>
</testsuite> <!-- OrangePOM.testloginproba1 -->
