<?xml version="1.0" encoding="UTF-8"?>
<!-- Generated by org.testng.reporters.JUnitReportReporter -->
<testsuite hostname="DESKTOP-VMGGKO0" failures="0" tests="2" name="firsttestngpackage.SecondTestNGFile" time="0.955" errors="0" timestamp="2024-11-07T17:09:52 CET" skipped="0">
  <testcase classname="firsttestngpackage.SecondTestNGFile" name="register" time="0.543"/>
  <system-out/>
  <testcase classname="firsttestngpackage.SecondTestNGFile" name="support" time="0.412"/>
  <system-out/>
</testsuite> <!-- firsttestngpackage.SecondTestNGFile -->
