<?xml version="1.0" encoding="UTF-8"?>
<!-- Generated by org.testng.reporters.JUnitReportReporter -->
<testsuite hostname="DESKTOP-VMGGKO0" failures="0" tests="4" name="OrangePOM.testloginproba2" time="12.947" errors="0" timestamp="2025-04-01T12:39:33 CEST" skipped="0">
  <testcase classname="OrangePOM.testloginproba2" name="enterUsernamePassword" time="4.006"/>
  <system-out/>
  <testcase classname="OrangePOM.testloginproba2" name="enterUsernamePassword" time="3.430"/>
  <system-out/>
  <testcase classname="OrangePOM.testloginproba2" name="enterUsernamePassword" time="2.799"/>
  <system-out/>
  <testcase classname="OrangePOM.testloginproba2" name="enterUsernamePassword" time="2.712"/>
  <system-out/>
</testsuite> <!-- OrangePOM.testloginproba2 -->
