<?xml version="1.0" encoding="UTF-8"?>
<!-- Generated by org.testng.reporters.JUnitReportReporter -->
<testsuite hostname="DESKTOP-VMGGKO0" failures="0" tests="4" name="OrangePOM.TestLogin" time="20.674" errors="0" timestamp="2025-04-01T12:58:17 CEST" skipped="0">
  <testcase classname="OrangePOM.TestLogin" name="empty" time="2.671"/>
  <system-out/>
  <testcase classname="OrangePOM.TestLogin" name="wrong" time="7.811"/>
  <system-out/>
  <testcase classname="OrangePOM.TestLogin" name="aempty" time="2.474"/>
  <system-out/>
  <testcase classname="OrangePOM.TestLogin" name="correct" time="7.718"/>
  <system-out/>
</testsuite> <!-- OrangePOM.TestLogin -->
