<?xml version="1.0" encoding="UTF-8"?>
<!-- Generated by org.testng.reporters.JUnitXMLReporter -->
<testsuite ignored="0" hostname="DESKTOP-VMGGKO0" failures="0" tests="4" name="Default test" time="24.603" errors="0" timestamp="2025-04-01T12:58:17 CEST">
  <testcase classname="OrangePOM.TestLogin" name="empty" time="1.334"/>
  <testcase classname="OrangePOM.TestLogin" name="wrong" time="6.097"/>
  <testcase classname="OrangePOM.TestLogin" name="aempty" time="1.115"/>
  <testcase classname="OrangePOM.TestLogin" name="correct" time="6.199"/>
</testsuite> <!-- Default test -->
