<?xml version="1.0" encoding="UTF-8"?>
<!-- Generated by org.testng.reporters.JUnitXMLReporter -->
<testsuite ignored="3" hostname="DESKTOP-VMGGKO0" failures="0" tests="1" name="TestLogin1" time="4.586" errors="0" timestamp="2025-02-28T10:25:25 CET">
  <testcase classname="OrangePOM.testloginproba1" name="emptyUsername" time="0.715"/>
  <testcase classname="OrangePOM.testloginproba1" name="empty" time="0.0">
    <ignored/>
  </testcase> <!-- empty -->
  <testcase classname="OrangePOM.testloginproba1" name="wrong" time="0.0">
    <ignored/>
  </testcase> <!-- wrong -->
  <testcase classname="OrangePOM.testloginproba1" name="correct" time="0.0">
    <ignored/>
  </testcase> <!-- correct -->
</testsuite> <!-- TestLogin1 -->
