<?xml version="1.0" encoding="UTF-8"?>
<!-- Generated by org.testng.reporters.JUnitXMLReporter -->
<testsuite ignored="4" hostname="DESKTOP-VMGGKO0" failures="0" tests="1" name="TestLogin" time="5.598" errors="0" timestamp="2025-02-28T10:25:30 CET">
  <testcase classname="OrangePOM.TestLogin" name="correct" time="0.692"/>
  <testcase classname="OrangePOM.TestLogin" name="aempty" time="0.0">
    <ignored/>
  </testcase> <!-- aempty -->
  <testcase classname="OrangePOM.TestLogin" name="empty" time="0.0">
    <ignored/>
  </testcase> <!-- empty -->
  <testcase classname="OrangePOM.TestLogin" name="wrong" time="0.0">
    <ignored/>
  </testcase> <!-- wrong -->
  <testcase classname="OrangePOM.TestLogin" name="enterUsernamePassword" time="0.0">
    <ignored/>
  </testcase> <!-- enterUsernamePassword -->
</testsuite> <!-- TestLogin -->
