<?xml version="1.0" encoding="UTF-8"?>
<!-- Generated by org.testng.reporters.JUnitXMLReporter -->
<testsuite ignored="2" hostname="DESKTOP-VMGGKO0" failures="0" tests="2" name="TestLogin" time="7.904" errors="0" timestamp="2025-02-28T09:58:28 CET">
  <testcase classname="OrangePOM.testloginproba1" name="wrong" time="0.72"/>
  <testcase classname="OrangePOM.testloginproba1" name="correct" time="1.627"/>
  <testcase classname="OrangePOM.testloginproba1" name="empty" time="0.0">
    <ignored/>
  </testcase> <!-- empty -->
  <testcase classname="OrangePOM.testloginproba1" name="emptyUsername" time="0.0">
    <ignored/>
  </testcase> <!-- emptyUsername -->
</testsuite> <!-- TestLogin -->
